#
# There is insufficient memory for the Java Runtime Environment to continue.
# Native memory allocation (mmap) failed to map 536870912 bytes for G1 virtual space
# Possible reasons:
#   The system is out of physical RAM or swap space
#   The process is running with CompressedOops enabled, and the Java Heap may be blocking the growth of the native heap
# Possible solutions:
#   Reduce memory load on the system
#   Increase physical memory or swap space
#   Check if swap backing store is full
#   Decrease Java heap size (-Xmx/-Xms)
#   Decrease number of Java threads
#   Decrease Java thread stack sizes (-Xss)
#   Set larger code cache with -XX:ReservedCodeCacheSize=
#   JVM is running with Unscaled Compressed Oops mode in which the Java heap is
#     placed in the first 4GB address space. The Java Heap base address is the
#     maximum limit for the native heap growth. Please use -XX:HeapBaseMinAddress
#     to set the Java Heap base and to place the Java Heap above 4GB virtual address.
# This output file may be truncated or incomplete.
#
#  Out of Memory Error (os_windows.cpp:3530), pid=600, tid=33308
#
# JRE version:  (18.0.2.1+1) (build )
# Java VM: Java HotSpot(TM) 64-Bit Server VM (18.0.2.1+1-1, mixed mode, sharing, tiered, compressed oops, compressed class ptrs, g1 gc, windows-amd64)
# No core dump will be written. Minidumps are not enabled by default on client versions of Windows
#

---------------  S U M M A R Y ------------

Command Line: -Xms512m -Xmx1024m YourClassName

Host: AMD Ryzen 5 4600H with Radeon Graphics         , 12 cores, 15G,  Windows 11 , 64 bit Build 22000 (10.0.22000.708)
Time: Fri Jun  2 20:15:14 2023 RTZ 2 (s 11 , 64 bit Build 22000 (10.0.22000.708) elapsed time: 0.049982 seconds (0d 0h 0m 0s)

---------------  T H R E A D  ---------------

Current thread (0x00000250f97c05a0):  JavaThread "Unknown thread" [_thread_in_vm, id=33308, stack(0x00000051b6400000,0x00000051b6500000)]

Stack: [0x00000051b6400000,0x00000051b6500000]
Native frames: (J=compiled Java code, j=interpreted, Vv=VM code, C=native code)
V  [jvm.dll+0x6993aa]
V  [jvm.dll+0x7f46dd]
V  [jvm.dll+0x7f5fee]
V  [jvm.dll+0x7f66a3]
V  [jvm.dll+0x25cf1f]
V  [jvm.dll+0x6962f9]
V  [jvm.dll+0x68ae2a]
V  [jvm.dll+0x32255b]
V  [jvm.dll+0x329f36]
V  [jvm.dll+0x37eade]
V  [jvm.dll+0x37ed0f]
V  [jvm.dll+0x2fa2da]
V  [jvm.dll+0x2fb33d]
V  [jvm.dll+0x7c3310]
V  [jvm.dll+0x38be61]
V  [jvm.dll+0x7a2023]
V  [jvm.dll+0x40dc3f]
V  [jvm.dll+0x40f611]
C  [jli.dll+0x526b]
C  [ucrtbase.dll+0x26c0c]
C  [KERNEL32.DLL+0x154e0]
C  [ntdll.dll+0x485b]


---------------  P R O C E S S  ---------------

Threads class SMR info:
_java_thread_list=0x00007ffda9c2e550, length=0, elements={
}

Java Threads: ( => current thread )

Other Threads:
  0x00000250f9802ab0 WorkerThread "GC Thread#0" [stack: 0x00000051b6500000,0x00000051b6600000] [id=19716]
  0x00000250f980c350 ConcurrentGCThread "G1 Main Marker" [stack: 0x00000051b6600000,0x00000051b6700000] [id=9172]
  0x00000250f980dbf0 WorkerThread "G1 Conc#0" [stack: 0x00000051b6700000,0x00000051b6800000] [id=25552]

[error occurred during error reporting (printing all threads), id 0xc0000005, EXCEPTION_ACCESS_VIOLATION (0xc0000005) at pc=0x00007ffda945a877]

VM state: not at safepoint (not fully initialized)

VM Mutex/Monitor currently owned by a thread:  ([mutex/lock_event])
[0x00000250f97bcb80] Heap_lock - owner thread: 0x00000250f97c05a0

Heap address: 0x00000000c0000000, size: 1024 MB, Compressed Oops mode: 32-bit

CDS archive(s) mapped at: [0x0000000000000000-0x0000000000000000-0x0000000000000000), size 0, SharedBaseAddress: 0x0000000800000000, ArchiveRelocationMode: 0.
Narrow klass base: 0x0000000000000000, Narrow klass shift: 0, Narrow klass range: 0x0

GC Precious Log:
 CardTable entry size: 512
 Card Set container configuration: InlinePtr #cards 5 size 8 Array Of Cards #cards 12 size 40 Howl #buckets 4 coarsen threshold 1843 Howl Bitmap #cards 512 size 80 coarsen threshold 460 Card regions per heap region 1 cards per card region 2048

Heap:
 garbage-first heap   total 0K, used 0K [0x00000000c0000000, 0x0000000100000000)
  region size 1024K, 0 young (0K), 0 survivors (0K)

[error occurred during error reporting (printing heap information), id 0xc0000005, EXCEPTION_ACCESS_VIOLATION (0xc0000005) at pc=0x00007ffda9841839]

GC Heap History (0 events):
No events

Deoptimization events (0 events):
No events

Classes loaded (0 events):
No events

Classes unloaded (0 events):
No events

Classes redefined (0 events):
No events

Internal exceptions (0 events):
No events

VM Operations (0 events):
No events

Events (1 events):
Event: 0.046 Loaded shared library D:\javaJDK\bin\java.dll


Dynamic libraries:
0x00007ff791fc0000 - 0x00007ff791fd0000 	D:\javaJDK\bin\java.exe
0x00007ffe759a0000 - 0x00007ffe75ba9000 	C:\WINDOWS\SYSTEM32\ntdll.dll
0x00007ffe757e0000 - 0x00007ffe7589d000 	C:\WINDOWS\System32\KERNEL32.DLL
0x00007ffe73430000 - 0x00007ffe737ab000 	C:\WINDOWS\System32\KERNELBASE.dll
0x00007ffe73250000 - 0x00007ffe73361000 	C:\WINDOWS\System32\ucrtbase.dll
0x00007ffe26f10000 - 0x00007ffe26f28000 	D:\javaJDK\bin\jli.dll
0x00007ffe74740000 - 0x00007ffe747ee000 	C:\WINDOWS\System32\ADVAPI32.dll
0x00007ffe742e0000 - 0x00007ffe74383000 	C:\WINDOWS\System32\msvcrt.dll
0x00007ffe75740000 - 0x00007ffe757de000 	C:\WINDOWS\System32\sechost.dll
0x00007ffe74500000 - 0x00007ffe74620000 	C:\WINDOWS\System32\RPCRT4.dll
0x00007ffe73e80000 - 0x00007ffe7402d000 	C:\WINDOWS\System32\USER32.dll
0x00007ffe73220000 - 0x00007ffe73246000 	C:\WINDOWS\System32\win32u.dll
0x00007ffe741e0000 - 0x00007ffe74209000 	C:\WINDOWS\System32\GDI32.dll
0x00007ffe73100000 - 0x00007ffe73218000 	C:\WINDOWS\System32\gdi32full.dll
0x00007ffe72e70000 - 0x00007ffe72f0d000 	C:\WINDOWS\System32\msvcp_win.dll
0x00007ffe24250000 - 0x00007ffe2426a000 	D:\javaJDK\bin\VCRUNTIME140.dll
0x00007ffe61e20000 - 0x00007ffe620c5000 	C:\WINDOWS\WinSxS\amd64_microsoft.windows.common-controls_6595b64144ccf1df_6.0.22000.120_none_9d947278b86cc467\COMCTL32.dll
0x00007ffe72a70000 - 0x00007ffe72a7a000 	C:\WINDOWS\SYSTEM32\VERSION.dll
0x00007ffe73a40000 - 0x00007ffe73a71000 	C:\WINDOWS\System32\IMM32.DLL
0x00007ffe72a80000 - 0x00007ffe72b40000 	C:\Program Files (x86)\0patch\Agent\0patchLoaderX64.dll
0x00007ffe72840000 - 0x00007ffe72a61000 	C:\WINDOWS\SYSTEM32\dbghelp.dll
0x00007ffe72800000 - 0x00007ffe72831000 	C:\WINDOWS\SYSTEM32\dbgcore.DLL
0x00007ffe727c0000 - 0x00007ffe727f4000 	C:\WINDOWS\SYSTEM32\ntmarta.dll
0x00007ffe361b0000 - 0x00007ffe361bc000 	D:\javaJDK\bin\vcruntime140_1.dll
0x00007ffdad970000 - 0x00007ffdad9fd000 	D:\javaJDK\bin\msvcp140.dll
0x00007ffda9150000 - 0x00007ffda9d61000 	D:\javaJDK\bin\server\jvm.dll
0x00007ffe747f0000 - 0x00007ffe747f8000 	C:\WINDOWS\System32\PSAPI.DLL
0x00007ffe5fab0000 - 0x00007ffe5fab9000 	C:\WINDOWS\SYSTEM32\WSOCK32.dll
0x00007ffe74620000 - 0x00007ffe7468f000 	C:\WINDOWS\System32\WS2_32.dll
0x00007ffe6c1a0000 - 0x00007ffe6c1d3000 	C:\WINDOWS\SYSTEM32\WINMM.dll
0x00007ffe71c00000 - 0x00007ffe71c18000 	C:\WINDOWS\SYSTEM32\kernel.appcore.dll
0x00007ffe33c10000 - 0x00007ffe33c1a000 	D:\javaJDK\bin\jimage.dll
0x00007ffe73080000 - 0x00007ffe730ff000 	C:\WINDOWS\System32\bcryptPrimitives.dll
0x00007ffdfa5a0000 - 0x00007ffdfa5c5000 	D:\javaJDK\bin\java.dll

dbghelp: loaded successfully - version: 4.0.5 - missing functions: none
symbol engine: initialized successfully - sym options: 0x614 - pdb path: .;D:\javaJDK\bin;C:\WINDOWS\SYSTEM32;C:\WINDOWS\WinSxS\amd64_microsoft.windows.common-controls_6595b64144ccf1df_6.0.22000.120_none_9d947278b86cc467;C:\Program Files (x86)\0patch\Agent;D:\javaJDK\bin\server

VM Arguments:
jvm_args: -Xms512m -Xmx1024m 
java_command: YourClassName
java_class_path (initial): .
Launcher Type: SUN_STANDARD

[Global flags]
     intx CICompilerCount                          = 4                                         {product} {ergonomic}
     uint ConcGCThreads                            = 3                                         {product} {ergonomic}
     uint G1ConcRefinementThreads                  = 10                                        {product} {ergonomic}
   size_t G1HeapRegionSize                         = 1048576                                   {product} {ergonomic}
    uintx GCDrainStackTargetSize                   = 64                                        {product} {ergonomic}
   size_t InitialHeapSize                          = 536870912                                 {product} {command line}
   size_t MarkStackSize                            = 4194304                                   {product} {ergonomic}
   size_t MaxHeapSize                              = 1073741824                                {product} {command line}
   size_t MinHeapDeltaBytes                        = 1048576                                   {product} {ergonomic}
   size_t MinHeapSize                              = 536870912                                 {product} {command line}
    uintx NonNMethodCodeHeapSize                   = 5839372                                {pd product} {ergonomic}
    uintx NonProfiledCodeHeapSize                  = 122909434                              {pd product} {ergonomic}
    uintx ProfiledCodeHeapSize                     = 122909434                              {pd product} {ergonomic}
    uintx ReservedCodeCacheSize                    = 251658240                              {pd product} {ergonomic}
     bool SegmentedCodeCache                       = true                                      {product} {ergonomic}
   size_t SoftMaxHeapSize                          = 1073741824                             {manageable} {ergonomic}
     bool UseCompressedClassPointers               = true                           {product lp64_product} {ergonomic}
     bool UseCompressedOops                        = true                           {product lp64_product} {ergonomic}
     bool UseG1GC                                  = true                                      {product} {ergonomic}
     bool UseLargePagesIndividualAllocation        = false                                  {pd product} {ergonomic}

Logging:
Log output configuration:
 #0: stdout all=warning uptime,level,tags foldmultilines=false
 #1: stderr all=off uptime,level,tags foldmultilines=false

Environment Variables:
JAVA_HOME=C:\Program Files\Java\jdk1.8.0_333
PATH=C:\Program Files\Common Files\Oracle\Java\javapath;C:\Program Files (x86)\VMware\VMware Workstation\bin\;C:\Program Files\Java\jdk1.8.0_333\bin;C:\ProgramData\Oracle\Java\javapath;C:\Windows\system32;C:\Windows;C:\Windows\System32\Wbem;C:\Windows\System32\WindowsPowerShell\v1.0\;C:\Windows\System32\OpenSSH\;C:\Program Files (x86)\NVIDIA Corporation\PhysX\Common;C:\Program Files\NVIDIA Corporation\NVIDIA NvDLISR;C:\WINDOWS\system32;C:\WINDOWS;C:\WINDOWS\System32\Wbem;C:\WINDOWS\System32\WindowsPowerShell\v1.0\;C:\WINDOWS\System32\OpenSSH\;C:\Program Files\dotnet\;C:\Program Files (x86)\Microsoft SQL Server\150\Tools\Binn\;C:\Program Files\Microsoft SQL Server\150\Tools\Binn\;C:\Program Files (x86)\Microsoft SQL Server\150\DTS\Binn\;C:\Program Files\Microsoft SQL Server\150\DTS\Binn\;C:\Program Files\Microsoft SQL Server\Client SDK\ODBC\170\Tools\Binn\;D:\2 курс\джава\apache-maven-3.8.5\bin;C:\Program Files\Microsoft SQL Server\130\Tools\Binn\;D:\2 курс\ПСКП\node js\;C:\Program Files\Java\jdk1.8.0_333;D:\Git\Git\cmd;C:\Program Files\MySQL\MySQL Shell 8.0\bin\;C:\Users\Lenovo\AppData\Local\Programs\Python\Python311\Scripts\;C:\Users\Lenovo\AppData\Local\Programs\Python\Python311\;C:\Users\Lenovo\AppData\Local\Microsoft\WindowsApps;C:\Users\Lenovo\AppData\Local\Microsoft\WindowsApps;C:\Users\Lenovo\.dotnet\tools;C:\Program Files\Azure Data Studio\bin;D:\visual code\Microsoft VS Code\bin;C:\Users\Lenovo\AppData\Roaming\npm;D:\webdriver;D:\pyCharmCommunity\PyCharm Community Edition 2022.3.2\bin;;D:\webstorm\WebStorm 2022.3.2\bin;;D:\jetbrains\inteliJ IDEA\IntelliJ IDEA 2022.2\bin;;C:\Program Files\Graphviz\bin;D:\3 курс 2 сем\кп\openssl\OpenSSL-Win64;D:\openssl\OpenSSL-Win64;D:\openssl\OpenSSL-Win64\bin;
USERNAME=Lenovo
OS=Windows_NT
PROCESSOR_IDENTIFIER=AMD64 Family 23 Model 96 Stepping 1, AuthenticAMD



---------------  S Y S T E M  ---------------

OS:
 Windows 11 , 64 bit Build 22000 (10.0.22000.708)
OS uptime: 2 days 10:40 hours
Hyper-V role detected

CPU: total 12 (initial active 12) (12 cores per cpu, 2 threads per core) family 23 model 96 stepping 1 microcode 0x0, cx8, cmov, fxsr, ht, mmx, 3dnowpref, sse, sse2, sse3, ssse3, sse4a, sse4.1, sse4.2, popcnt, lzcnt, tsc, tscinvbit, avx, avx2, aes, clmul, bmi1, bmi2, adx, sha, fma, vzeroupper, clflush, clflushopt, hv

Memory: 4k page, system-wide physical 15741M (661M free)
TotalPageFile size 23933M (AvailPageFile size 410M)
current process WorkingSet (physical memory assigned to process): 11M, peak: 11M
current process commit charge ("private bytes"): 64M, peak: 576M

vm_info: Java HotSpot(TM) 64-Bit Server VM (18.0.2.1+1-1) for windows-amd64 JRE (18.0.2.1+1-1), built on Aug 16 2022 01:46:33 by "mach5one" with MS VC++ 16.8 / 16.9 (VS2019)

END.
